This file contains any messages produced by compilers while
running configure, to aid debugging if configure makes a mistake.

It was created by libffi configure 3.4.4, which was
generated by GNU Autoconf 2.72.  Invocation command line was

  $ .././configure --srcdir=.. --enable-builddir=aarch64-unknown-linux-gnu

## --------- ##
## Platform. ##
## --------- ##

hostname = raspberry-pi-4-8gb
uname -m = aarch64
uname -r = 6.5.0-1009-raspi
uname -s = Linux
uname -v = #12-Ubuntu SMP PREEMPT_DYNAMIC Wed Jan 17 11:45:08 UTC 2024

/usr/bin/uname -p = aarch64
/bin/uname -X     = unknown

/bin/arch              = aarch64
/usr/bin/arch -k       = unknown
/usr/convex/getsysinfo = unknown
/usr/bin/hostinfo      = unknown
/bin/machine           = unknown
/usr/bin/oslevel       = unknown
/bin/universe          = unknown

PATH: /usr/skyhammer/neue/install/aarch64-unknown-linux-gnu/bin/
PATH: /usr/skyhammer/neue/install/x86_64-pc-linux-gnu/bin/
PATH: /usr/skyhammer/neue/install/x86_64-w64-mingw32/bin/


## ----------- ##
## Core tests. ##
## ----------- ##

configure:3101: looking for aux files: ltmain.sh compile missing install-sh config.guess config.sub
configure:3114:  trying ../
configure:3143:   ../ltmain.sh found
configure:3143:   ../compile found
configure:3143:   ../missing found
configure:3125:   ../install-sh found
configure:3143:   ../config.guess found
configure:3143:   ../config.sub found
configure:3265: checking build system type
configure:3281: result: aarch64-unknown-linux-gnu
configure:3301: checking host system type
configure:3316: result: aarch64-unknown-linux-gnu
configure:3336: checking target system type
configure:3351: result: aarch64-unknown-linux-gnu
configure:3450: checking for gsed
configure:3487: result: sed
configure:3516: checking for a BSD-compatible install
configure:3590: result: /usr/skyhammer/neue/install/aarch64-unknown-linux-gnu/bin/install -c
configure:3601: checking whether build environment is sane
configure:3656: result: yes
configure:3813: checking for a race-free mkdir -p
configure:3856: result: /usr/skyhammer/neue/install/aarch64-unknown-linux-gnu/bin/mkdir -p
configure:3863: checking for gawk
configure:3884: found /usr/skyhammer/neue/install/aarch64-unknown-linux-gnu/bin/gawk
configure:3896: result: gawk
configure:3907: checking whether make sets $(MAKE)
configure:3931: result: yes
configure:3961: checking whether make supports nested variables
configure:3980: result: yes
configure:4190: checking for gcc
configure:4211: found /usr/skyhammer/neue/install/aarch64-unknown-linux-gnu/bin/gcc
configure:4223: result: gcc
configure:4582: checking for C compiler version
configure:4591: gcc --version >&5
gcc (GCC) 13.2.0
Copyright (C) 2023 Free Software Foundation, Inc.
This is free software; see the source for copying conditions.  There is NO
warranty; not even for MERCHANTABILITY or FITNESS FOR A PARTICULAR PURPOSE.

configure:4602: $? = 0
configure:4591: gcc -v >&5
Using built-in specs.
COLLECT_GCC=gcc
COLLECT_LTO_WRAPPER=/media/ssd/skyhammer/neue/install/aarch64-unknown-linux-gnu/bin/../libexec/gcc/aarch64-unknown-linux-gnu/13.2.0/lto-wrapper
Target: aarch64-unknown-linux-gnu
Configured with: ./../../../src/gcc-13.2.0/configure --prefix=/usr/skyhammer/neue/install/aarch64-unknown-linux-gnu --target=aarch64-unknown-linux-gnu --disable-multilib --enable-languages=ada,c,c++,d,fortran,go,lto,m2,objc,obj-c++ --enable-threads=posix
Thread model: posix
Supported LTO compression algorithms: zlib zstd
gcc version 13.2.0 (GCC) 
configure:4602: $? = 0
configure:4591: gcc -V >&5
gcc: error: unrecognized command-line option '-V'
gcc: fatal error: no input files
compilation terminated.
configure:4602: $? = 1
configure:4591: gcc -qversion >&5
gcc: error: unrecognized command-line option '-qversion'; did you mean '--version'?
gcc: fatal error: no input files
compilation terminated.
configure:4602: $? = 1
configure:4591: gcc -version >&5
gcc: error: unrecognized command-line option '-version'
gcc: fatal error: no input files
compilation terminated.
configure:4602: $? = 1
configure:4622: checking whether the C compiler works
configure:4644: gcc    conftest.c  >&5
configure:4648: $? = 0
configure:4699: result: yes
configure:4703: checking for C compiler default output file name
configure:4705: result: a.out
configure:4711: checking for suffix of executables
configure:4718: gcc -o conftest    conftest.c  >&5
configure:4722: $? = 0
configure:4746: result: 
configure:4770: checking whether we are cross compiling
configure:4778: gcc -o conftest    conftest.c  >&5
configure:4782: $? = 0
configure:4789: ./conftest
configure:4793: $? = 0
configure:4808: result: no
configure:4814: checking for suffix of object files
configure:4837: gcc -c   conftest.c >&5
configure:4841: $? = 0
configure:4865: result: o
configure:4869: checking whether the compiler supports GNU C
configure:4889: gcc -c   conftest.c >&5
configure:4889: $? = 0
configure:4901: result: yes
configure:4912: checking whether gcc accepts -g
configure:4933: gcc -c -g  conftest.c >&5
configure:4933: $? = 0
configure:4980: result: yes
configure:5000: checking for gcc option to enable C11 features
configure:5015: gcc  -c -g -O2  conftest.c >&5
configure:5015: $? = 0
configure:5034: result: none needed
configure:5158: checking whether gcc understands -c and -o together
configure:5181: gcc -c conftest.c -o conftest2.o
configure:5184: $? = 0
configure:5181: gcc -c conftest.c -o conftest2.o
configure:5184: $? = 0
configure:5197: result: yes
configure:5217: checking whether make supports the include directive
configure:5232: make -f confmf.GNU && cat confinc.out
this is the am__doit target
configure:5235: $? = 0
configure:5254: result: yes (GNU style)
configure:5280: checking dependency style of gcc
configure:5393: result: gcc3
configure:5478: checking for g++
configure:5499: found /usr/skyhammer/neue/install/aarch64-unknown-linux-gnu/bin/g++
configure:5511: result: g++
configure:5538: checking for C++ compiler version
configure:5547: g++ --version >&5
g++ (GCC) 13.2.0
Copyright (C) 2023 Free Software Foundation, Inc.
This is free software; see the source for copying conditions.  There is NO
warranty; not even for MERCHANTABILITY or FITNESS FOR A PARTICULAR PURPOSE.

configure:5558: $? = 0
configure:5547: g++ -v >&5
Using built-in specs.
COLLECT_GCC=g++
COLLECT_LTO_WRAPPER=/media/ssd/skyhammer/neue/install/aarch64-unknown-linux-gnu/bin/../libexec/gcc/aarch64-unknown-linux-gnu/13.2.0/lto-wrapper
Target: aarch64-unknown-linux-gnu
Configured with: ./../../../src/gcc-13.2.0/configure --prefix=/usr/skyhammer/neue/install/aarch64-unknown-linux-gnu --target=aarch64-unknown-linux-gnu --disable-multilib --enable-languages=ada,c,c++,d,fortran,go,lto,m2,objc,obj-c++ --enable-threads=posix
Thread model: posix
Supported LTO compression algorithms: zlib zstd
gcc version 13.2.0 (GCC) 
configure:5558: $? = 0
configure:5547: g++ -V >&5
g++: error: unrecognized command-line option '-V'
g++: fatal error: no input files
compilation terminated.
configure:5558: $? = 1
configure:5547: g++ -qversion >&5
g++: error: unrecognized command-line option '-qversion'; did you mean '--version'?
g++: fatal error: no input files
compilation terminated.
configure:5558: $? = 1
configure:5562: checking whether the compiler supports GNU C++
configure:5582: g++ -c   conftest.cpp >&5
configure:5582: $? = 0
configure:5594: result: yes
configure:5605: checking whether g++ accepts -g
configure:5626: g++ -c -g  conftest.cpp >&5
configure:5626: $? = 0
configure:5673: result: yes
configure:5693: checking for g++ option to enable C++11 features
configure:5708: g++  -c -g -O2  conftest.cpp >&5
conftest.cpp: In function 'int main(int, char**)':
conftest.cpp:177:25: warning: empty parentheses were disambiguated as a function declaration [-Wvexing-parse]
  177 |   cxx11test::delegate d2();
      |                         ^~
conftest.cpp:177:25: note: remove parentheses to default-initialize a variable
  177 |   cxx11test::delegate d2();
      |                         ^~
      |                         --
conftest.cpp:177:25: note: or replace parentheses with braces to value-initialize a variable
configure:5708: $? = 0
configure:5727: result: none needed
configure:5798: checking dependency style of g++
configure:5911: result: gcc3
configure:5941: checking dependency style of gcc
configure:6052: result: gcc3
configure:6068: checking for grep that handles long lines and -e
configure:6134: result: /usr/skyhammer/neue/install/aarch64-unknown-linux-gnu/bin/grep
configure:6139: checking for egrep
configure:6209: result: /usr/skyhammer/neue/install/aarch64-unknown-linux-gnu/bin/grep -E
configure:6263: checking how to print strings
configure:6290: result: printf
configure:6311: checking for a sed that does not truncate output
configure:6383: result: /usr/skyhammer/neue/install/aarch64-unknown-linux-gnu/bin/sed
configure:6401: checking for fgrep
configure:6471: result: /usr/skyhammer/neue/install/aarch64-unknown-linux-gnu/bin/grep -F
configure:6508: checking for ld used by gcc
configure:6577: result: /media/ssd/skyhammer/neue/install/aarch64-unknown-linux-gnu/aarch64-unknown-linux-gnu/bin/ld
configure:6584: checking if the linker (/media/ssd/skyhammer/neue/install/aarch64-unknown-linux-gnu/aarch64-unknown-linux-gnu/bin/ld) is GNU ld
configure:6601: result: yes
configure:6613: checking for BSD- or MS-compatible name lister (nm)
configure:6669: result: /usr/skyhammer/neue/install/aarch64-unknown-linux-gnu/bin/nm -B
configure:6811: checking the name lister (/usr/skyhammer/neue/install/aarch64-unknown-linux-gnu/bin/nm -B) interface
configure:6819: gcc -c   conftest.c >&5
configure:6822: /usr/skyhammer/neue/install/aarch64-unknown-linux-gnu/bin/nm -B "conftest.o"
configure:6825: output
0000000000000000 B some_variable
configure:6833: result: BSD nm
configure:6836: checking whether ln -s works
configure:6840: result: yes
configure:6848: checking the maximum length of command line arguments
configure:6981: result: 1572864
configure:7029: checking how to convert aarch64-unknown-linux-gnu file names to aarch64-unknown-linux-gnu format
configure:7071: result: func_convert_file_noop
configure:7078: checking how to convert aarch64-unknown-linux-gnu file names to toolchain format
configure:7100: result: func_convert_file_noop
configure:7107: checking for /media/ssd/skyhammer/neue/install/aarch64-unknown-linux-gnu/aarch64-unknown-linux-gnu/bin/ld option to reload object files
configure:7116: result: -r
configure:7196: checking for file
configure:7217: found /usr/skyhammer/neue/install/aarch64-unknown-linux-gnu/bin/file
configure:7229: result: file
configure:7306: checking for objdump
configure:7327: found /usr/skyhammer/neue/install/aarch64-unknown-linux-gnu/bin/objdump
configure:7339: result: objdump
configure:7371: checking how to recognize dependent libraries
configure:7573: result: pass_all
configure:7664: checking for dlltool
configure:7700: result: no
configure:7730: checking how to associate runtime and link libraries
configure:7759: result: printf %s\n
configure:7826: checking for ar
configure:7847: found /usr/skyhammer/neue/install/aarch64-unknown-linux-gnu/bin/ar
configure:7859: result: ar
configure:7912: checking for archiver @FILE support
configure:7930: gcc -c   conftest.c >&5
configure:7930: $? = 0
configure:7934: ar cr libconftest.a @conftest.lst >&5
configure:7937: $? = 0
configure:7942: ar cr libconftest.a @conftest.lst >&5
ar: conftest.o: No such file or directory
configure:7945: $? = 1
configure:7958: result: @
configure:8022: checking for strip
configure:8043: found /usr/skyhammer/neue/install/aarch64-unknown-linux-gnu/bin/strip
configure:8055: result: strip
configure:8133: checking for ranlib
configure:8154: found /usr/skyhammer/neue/install/aarch64-unknown-linux-gnu/bin/ranlib
configure:8166: result: ranlib
configure:8268: checking command to parse /usr/skyhammer/neue/install/aarch64-unknown-linux-gnu/bin/nm -B output from gcc object
configure:8422: gcc -c   conftest.c >&5
configure:8425: $? = 0
configure:8429: /usr/skyhammer/neue/install/aarch64-unknown-linux-gnu/bin/nm -B conftest.o \| /usr/skyhammer/neue/install/aarch64-unknown-linux-gnu/bin/sed -n -e 's/^.*[ ]\([ABCDGIRSTW][ABCDGIRSTW]*\)[ ][ ]*\([_A-Za-z][_A-Za-z0-9]*\)$/\1 \2 \2/p' | /usr/skyhammer/neue/install/aarch64-unknown-linux-gnu/bin/sed '/ __gnu_lto/d' \> conftest.nm
configure:8432: $? = 0
configure:8498: gcc -o conftest    conftest.c conftstm.o >&5
configure:8501: $? = 0
configure:8540: result: ok
configure:8587: checking for sysroot
configure:8619: result: no
configure:8626: checking for a working dd
configure:8671: result: /usr/skyhammer/neue/install/aarch64-unknown-linux-gnu/bin/dd
configure:8675: checking how to truncate binary pipes
configure:8692: result: /usr/skyhammer/neue/install/aarch64-unknown-linux-gnu/bin/dd bs=4096 count=1
configure:9032: checking for mt
configure:9068: result: no
configure:9088: checking if : is a manifest tool
configure:9095: : '-?'
configure:9104: result: no
configure:9843: checking for stdio.h
configure:9843: gcc -c   conftest.c >&5
configure:9843: $? = 0
configure:9843: result: yes
configure:9843: checking for stdlib.h
configure:9843: gcc -c   conftest.c >&5
configure:9843: $? = 0
configure:9843: result: yes
configure:9843: checking for string.h
configure:9843: gcc -c   conftest.c >&5
configure:9843: $? = 0
configure:9843: result: yes
configure:9843: checking for inttypes.h
configure:9843: gcc -c   conftest.c >&5
configure:9843: $? = 0
configure:9843: result: yes
configure:9843: checking for stdint.h
configure:9843: gcc -c   conftest.c >&5
configure:9843: $? = 0
configure:9843: result: yes
configure:9843: checking for strings.h
configure:9843: gcc -c   conftest.c >&5
configure:9843: $? = 0
configure:9843: result: yes
configure:9843: checking for sys/stat.h
configure:9843: gcc -c   conftest.c >&5
configure:9843: $? = 0
configure:9843: result: yes
configure:9843: checking for sys/types.h
configure:9843: gcc -c   conftest.c >&5
configure:9843: $? = 0
configure:9843: result: yes
configure:9843: checking for unistd.h
configure:9843: gcc -c   conftest.c >&5
configure:9843: $? = 0
configure:9843: result: yes
configure:9868: checking for dlfcn.h
configure:9868: gcc -c   conftest.c >&5
configure:9868: $? = 0
configure:9868: result: yes
configure:10144: checking for objdir
configure:10161: result: .libs
configure:10427: checking if gcc supports -fno-rtti -fno-exceptions
configure:10446: gcc -c   -fno-rtti -fno-exceptions conftest.c >&5
cc1: warning: command-line option '-fno-rtti' is valid for C++/D/ObjC++ but not for C
configure:10450: $? = 0
configure:10464: result: no
configure:10822: checking for gcc option to produce PIC
configure:10831: result: -fPIC -DPIC
configure:10839: checking if gcc PIC flag -fPIC -DPIC works
configure:10858: gcc -c   -fPIC -DPIC -DPIC conftest.c >&5
configure:10862: $? = 0
configure:10876: result: yes
configure:10905: checking if gcc static flag -static works
configure:10935: result: yes
configure:10950: checking if gcc supports -c -o file.o
configure:10972: gcc -c   -o out/conftest2.o conftest.c >&5
configure:10976: $? = 0
configure:10999: result: yes
configure:11007: checking if gcc supports -c -o file.o
configure:11056: result: yes
configure:11089: checking whether the gcc linker (/media/ssd/skyhammer/neue/install/aarch64-unknown-linux-gnu/aarch64-unknown-linux-gnu/bin/ld) supports shared libraries
configure:12362: result: yes
configure:12399: checking whether -lc should be explicitly linked in
configure:12408: gcc -c   conftest.c >&5
configure:12411: $? = 0
configure:12426: gcc -shared  -fPIC -DPIC conftest.o  -v -Wl,-soname -Wl,conftest -o conftest 2\>\&1 \| /usr/skyhammer/neue/install/aarch64-unknown-linux-gnu/bin/grep  -lc  \>/dev/null 2\>\&1
configure:12429: $? = 0
configure:12444: result: no
configure:12604: checking dynamic linker characteristics
configure:13186: gcc -o conftest    -Wl,-rpath -Wl,/foo conftest.c  >&5
configure:13186: $? = 0
configure:13426: result: GNU/Linux ld.so
configure:13548: checking how to hardcode library paths into programs
configure:13573: result: immediate
configure:14173: checking whether stripping libraries is possible
configure:14182: result: yes
configure:14224: checking if libtool supports shared libraries
configure:14226: result: yes
configure:14229: checking whether to build shared libraries
configure:14254: result: yes
configure:14257: checking whether to build static libraries
configure:14261: result: yes
configure:14284: checking how to run the C++ preprocessor
configure:14306: g++ -E  conftest.cpp
configure:14306: $? = 0
configure:14322: g++ -E  conftest.cpp
conftest.cpp:23:10: fatal error: ac_nonexistent.h: No such file or directory
   23 | #include <ac_nonexistent.h>
      |          ^~~~~~~~~~~~~~~~~~
compilation terminated.
configure:14322: $? = 1
configure: failed program was:
| /* confdefs.h */
| #define PACKAGE_NAME "libffi"
| #define PACKAGE_TARNAME "libffi"
| #define PACKAGE_VERSION "3.4.4"
| #define PACKAGE_STRING "libffi 3.4.4"
| #define PACKAGE_BUGREPORT "http://github.com/libffi/libffi/issues"
| #define PACKAGE_URL ""
| #define PACKAGE "libffi"
| #define VERSION "3.4.4"
| #define HAVE_STDIO_H 1
| #define HAVE_STDLIB_H 1
| #define HAVE_STRING_H 1
| #define HAVE_INTTYPES_H 1
| #define HAVE_STDINT_H 1
| #define HAVE_STRINGS_H 1
| #define HAVE_SYS_STAT_H 1
| #define HAVE_SYS_TYPES_H 1
| #define HAVE_UNISTD_H 1
| #define STDC_HEADERS 1
| #define HAVE_DLFCN_H 1
| #define LT_OBJDIR ".libs/"
| /* end confdefs.h.  */
| #include <ac_nonexistent.h>
configure:14351: result: g++ -E
configure:14365: g++ -E  conftest.cpp
configure:14365: $? = 0
configure:14381: g++ -E  conftest.cpp
conftest.cpp:23:10: fatal error: ac_nonexistent.h: No such file or directory
   23 | #include <ac_nonexistent.h>
      |          ^~~~~~~~~~~~~~~~~~
compilation terminated.
configure:14381: $? = 1
configure: failed program was:
| /* confdefs.h */
| #define PACKAGE_NAME "libffi"
| #define PACKAGE_TARNAME "libffi"
| #define PACKAGE_VERSION "3.4.4"
| #define PACKAGE_STRING "libffi 3.4.4"
| #define PACKAGE_BUGREPORT "http://github.com/libffi/libffi/issues"
| #define PACKAGE_URL ""
| #define PACKAGE "libffi"
| #define VERSION "3.4.4"
| #define HAVE_STDIO_H 1
| #define HAVE_STDLIB_H 1
| #define HAVE_STRING_H 1
| #define HAVE_INTTYPES_H 1
| #define HAVE_STDINT_H 1
| #define HAVE_STRINGS_H 1
| #define HAVE_SYS_STAT_H 1
| #define HAVE_SYS_TYPES_H 1
| #define HAVE_UNISTD_H 1
| #define STDC_HEADERS 1
| #define HAVE_DLFCN_H 1
| #define LT_OBJDIR ".libs/"
| /* end confdefs.h.  */
| #include <ac_nonexistent.h>
configure:14549: checking for ld used by g++
configure:14618: result: /media/ssd/skyhammer/neue/install/aarch64-unknown-linux-gnu/aarch64-unknown-linux-gnu/bin/ld
configure:14625: checking if the linker (/media/ssd/skyhammer/neue/install/aarch64-unknown-linux-gnu/aarch64-unknown-linux-gnu/bin/ld) is GNU ld
configure:14642: result: yes
configure:14697: checking whether the g++ linker (/media/ssd/skyhammer/neue/install/aarch64-unknown-linux-gnu/aarch64-unknown-linux-gnu/bin/ld) supports shared libraries
configure:15777: result: yes
configure:15813: g++ -c -g -O2  conftest.cpp >&5
configure:15816: $? = 0
configure:16297: checking for g++ option to produce PIC
configure:16306: result: -fPIC -DPIC
configure:16314: checking if g++ PIC flag -fPIC -DPIC works
configure:16333: g++ -c -g -O2  -fPIC -DPIC -DPIC conftest.cpp >&5
configure:16337: $? = 0
configure:16351: result: yes
configure:16374: checking if g++ static flag -static works
configure:16404: result: yes
configure:16416: checking if g++ supports -c -o file.o
configure:16438: g++ -c -g -O2  -o out/conftest2.o conftest.cpp >&5
configure:16442: $? = 0
configure:16465: result: yes
configure:16470: checking if g++ supports -c -o file.o
configure:16519: result: yes
configure:16549: checking whether the g++ linker (/media/ssd/skyhammer/neue/install/aarch64-unknown-linux-gnu/aarch64-unknown-linux-gnu/bin/ld) supports shared libraries
configure:16589: result: yes
configure:16732: checking dynamic linker characteristics
configure:17481: result: GNU/Linux ld.so
configure:17546: checking how to hardcode library paths into programs
configure:17571: result: immediate
configure:17683: checking for readelf
configure:17704: found /usr/skyhammer/neue/install/aarch64-unknown-linux-gnu/bin/readelf
configure:17716: result: readelf
configure:17744: checking size of size_t
configure:17750: gcc -o conftest    conftest.c  >&5
configure:17750: $? = 0
configure:17750: ./conftest
configure:17750: $? = 0
configure:17767: result: 8
configure:17776: checking for C compiler vendor
configure:17835: gcc -c   conftest.c >&5
conftest.c: In function 'main':
conftest.c:30:7: error: 'thisisanerror' undeclared (first use in this function)
   30 |       thisisanerror;
      |       ^~~~~~~~~~~~~
conftest.c:30:7: note: each undeclared identifier is reported only once for each function it appears in
configure:17835: $? = 1
configure: failed program was:
| /* confdefs.h */
| #define PACKAGE_NAME "libffi"
| #define PACKAGE_TARNAME "libffi"
| #define PACKAGE_VERSION "3.4.4"
| #define PACKAGE_STRING "libffi 3.4.4"
| #define PACKAGE_BUGREPORT "http://github.com/libffi/libffi/issues"
| #define PACKAGE_URL ""
| #define PACKAGE "libffi"
| #define VERSION "3.4.4"
| #define HAVE_STDIO_H 1
| #define HAVE_STDLIB_H 1
| #define HAVE_STRING_H 1
| #define HAVE_INTTYPES_H 1
| #define HAVE_STDINT_H 1
| #define HAVE_STRINGS_H 1
| #define HAVE_SYS_STAT_H 1
| #define HAVE_SYS_TYPES_H 1
| #define HAVE_UNISTD_H 1
| #define STDC_HEADERS 1
| #define HAVE_DLFCN_H 1
| #define LT_OBJDIR ".libs/"
| #define SIZEOF_SIZE_T 8
| /* end confdefs.h.  */
| 
| int
| main (void)
| {
| 
| #if !(defined(__ICC) || defined(__ECC) || defined(__INTEL_COMPILER))
|       thisisanerror;
| #endif
| 
|   ;
|   return 0;
| }
configure:17835: gcc -c   conftest.c >&5
conftest.c: In function 'main':
conftest.c:30:7: error: 'thisisanerror' undeclared (first use in this function)
   30 |       thisisanerror;
      |       ^~~~~~~~~~~~~
conftest.c:30:7: note: each undeclared identifier is reported only once for each function it appears in
configure:17835: $? = 1
configure: failed program was:
| /* confdefs.h */
| #define PACKAGE_NAME "libffi"
| #define PACKAGE_TARNAME "libffi"
| #define PACKAGE_VERSION "3.4.4"
| #define PACKAGE_STRING "libffi 3.4.4"
| #define PACKAGE_BUGREPORT "http://github.com/libffi/libffi/issues"
| #define PACKAGE_URL ""
| #define PACKAGE "libffi"
| #define VERSION "3.4.4"
| #define HAVE_STDIO_H 1
| #define HAVE_STDLIB_H 1
| #define HAVE_STRING_H 1
| #define HAVE_INTTYPES_H 1
| #define HAVE_STDINT_H 1
| #define HAVE_STRINGS_H 1
| #define HAVE_SYS_STAT_H 1
| #define HAVE_SYS_TYPES_H 1
| #define HAVE_UNISTD_H 1
| #define STDC_HEADERS 1
| #define HAVE_DLFCN_H 1
| #define LT_OBJDIR ".libs/"
| #define SIZEOF_SIZE_T 8
| /* end confdefs.h.  */
| 
| int
| main (void)
| {
| 
| #if !(defined(__xlc__) || defined(__xlC__) || defined(__IBMC__) || defined(__IBMCPP__) || defined(__ibmxl__))
|       thisisanerror;
| #endif
| 
|   ;
|   return 0;
| }
configure:17835: gcc -c   conftest.c >&5
conftest.c: In function 'main':
conftest.c:30:7: error: 'thisisanerror' undeclared (first use in this function)
   30 |       thisisanerror;
      |       ^~~~~~~~~~~~~
conftest.c:30:7: note: each undeclared identifier is reported only once for each function it appears in
configure:17835: $? = 1
configure: failed program was:
| /* confdefs.h */
| #define PACKAGE_NAME "libffi"
| #define PACKAGE_TARNAME "libffi"
| #define PACKAGE_VERSION "3.4.4"
| #define PACKAGE_STRING "libffi 3.4.4"
| #define PACKAGE_BUGREPORT "http://github.com/libffi/libffi/issues"
| #define PACKAGE_URL ""
| #define PACKAGE "libffi"
| #define VERSION "3.4.4"
| #define HAVE_STDIO_H 1
| #define HAVE_STDLIB_H 1
| #define HAVE_STRING_H 1
| #define HAVE_INTTYPES_H 1
| #define HAVE_STDINT_H 1
| #define HAVE_STRINGS_H 1
| #define HAVE_SYS_STAT_H 1
| #define HAVE_SYS_TYPES_H 1
| #define HAVE_UNISTD_H 1
| #define STDC_HEADERS 1
| #define HAVE_DLFCN_H 1
| #define LT_OBJDIR ".libs/"
| #define SIZEOF_SIZE_T 8
| /* end confdefs.h.  */
| 
| int
| main (void)
| {
| 
| #if !(defined(__PATHCC__) || defined(__PATHSCALE__))
|       thisisanerror;
| #endif
| 
|   ;
|   return 0;
| }
configure:17835: gcc -c   conftest.c >&5
conftest.c: In function 'main':
conftest.c:30:7: error: 'thisisanerror' undeclared (first use in this function)
   30 |       thisisanerror;
      |       ^~~~~~~~~~~~~
conftest.c:30:7: note: each undeclared identifier is reported only once for each function it appears in
configure:17835: $? = 1
configure: failed program was:
| /* confdefs.h */
| #define PACKAGE_NAME "libffi"
| #define PACKAGE_TARNAME "libffi"
| #define PACKAGE_VERSION "3.4.4"
| #define PACKAGE_STRING "libffi 3.4.4"
| #define PACKAGE_BUGREPORT "http://github.com/libffi/libffi/issues"
| #define PACKAGE_URL ""
| #define PACKAGE "libffi"
| #define VERSION "3.4.4"
| #define HAVE_STDIO_H 1
| #define HAVE_STDLIB_H 1
| #define HAVE_STRING_H 1
| #define HAVE_INTTYPES_H 1
| #define HAVE_STDINT_H 1
| #define HAVE_STRINGS_H 1
| #define HAVE_SYS_STAT_H 1
| #define HAVE_SYS_TYPES_H 1
| #define HAVE_UNISTD_H 1
| #define STDC_HEADERS 1
| #define HAVE_DLFCN_H 1
| #define LT_OBJDIR ".libs/"
| #define SIZEOF_SIZE_T 8
| /* end confdefs.h.  */
| 
| int
| main (void)
| {
| 
| #if !(defined(__clang__))
|       thisisanerror;
| #endif
| 
|   ;
|   return 0;
| }
configure:17835: gcc -c   conftest.c >&5
conftest.c: In function 'main':
conftest.c:30:7: error: 'thisisanerror' undeclared (first use in this function)
   30 |       thisisanerror;
      |       ^~~~~~~~~~~~~
conftest.c:30:7: note: each undeclared identifier is reported only once for each function it appears in
configure:17835: $? = 1
configure: failed program was:
| /* confdefs.h */
| #define PACKAGE_NAME "libffi"
| #define PACKAGE_TARNAME "libffi"
| #define PACKAGE_VERSION "3.4.4"
| #define PACKAGE_STRING "libffi 3.4.4"
| #define PACKAGE_BUGREPORT "http://github.com/libffi/libffi/issues"
| #define PACKAGE_URL ""
| #define PACKAGE "libffi"
| #define VERSION "3.4.4"
| #define HAVE_STDIO_H 1
| #define HAVE_STDLIB_H 1
| #define HAVE_STRING_H 1
| #define HAVE_INTTYPES_H 1
| #define HAVE_STDINT_H 1
| #define HAVE_STRINGS_H 1
| #define HAVE_SYS_STAT_H 1
| #define HAVE_SYS_TYPES_H 1
| #define HAVE_UNISTD_H 1
| #define STDC_HEADERS 1
| #define HAVE_DLFCN_H 1
| #define LT_OBJDIR ".libs/"
| #define SIZEOF_SIZE_T 8
| /* end confdefs.h.  */
| 
| int
| main (void)
| {
| 
| #if !(defined(_CRAYC))
|       thisisanerror;
| #endif
| 
|   ;
|   return 0;
| }
configure:17835: gcc -c   conftest.c >&5
conftest.c: In function 'main':
conftest.c:30:7: error: 'thisisanerror' undeclared (first use in this function)
   30 |       thisisanerror;
      |       ^~~~~~~~~~~~~
conftest.c:30:7: note: each undeclared identifier is reported only once for each function it appears in
configure:17835: $? = 1
configure: failed program was:
| /* confdefs.h */
| #define PACKAGE_NAME "libffi"
| #define PACKAGE_TARNAME "libffi"
| #define PACKAGE_VERSION "3.4.4"
| #define PACKAGE_STRING "libffi 3.4.4"
| #define PACKAGE_BUGREPORT "http://github.com/libffi/libffi/issues"
| #define PACKAGE_URL ""
| #define PACKAGE "libffi"
| #define VERSION "3.4.4"
| #define HAVE_STDIO_H 1
| #define HAVE_STDLIB_H 1
| #define HAVE_STRING_H 1
| #define HAVE_INTTYPES_H 1
| #define HAVE_STDINT_H 1
| #define HAVE_STRINGS_H 1
| #define HAVE_SYS_STAT_H 1
| #define HAVE_SYS_TYPES_H 1
| #define HAVE_UNISTD_H 1
| #define STDC_HEADERS 1
| #define HAVE_DLFCN_H 1
| #define LT_OBJDIR ".libs/"
| #define SIZEOF_SIZE_T 8
| /* end confdefs.h.  */
| 
| int
| main (void)
| {
| 
| #if !(defined(__FUJITSU))
|       thisisanerror;
| #endif
| 
|   ;
|   return 0;
| }
configure:17835: gcc -c   conftest.c >&5
conftest.c: In function 'main':
conftest.c:30:7: error: 'thisisanerror' undeclared (first use in this function)
   30 |       thisisanerror;
      |       ^~~~~~~~~~~~~
conftest.c:30:7: note: each undeclared identifier is reported only once for each function it appears in
configure:17835: $? = 1
configure: failed program was:
| /* confdefs.h */
| #define PACKAGE_NAME "libffi"
| #define PACKAGE_TARNAME "libffi"
| #define PACKAGE_VERSION "3.4.4"
| #define PACKAGE_STRING "libffi 3.4.4"
| #define PACKAGE_BUGREPORT "http://github.com/libffi/libffi/issues"
| #define PACKAGE_URL ""
| #define PACKAGE "libffi"
| #define VERSION "3.4.4"
| #define HAVE_STDIO_H 1
| #define HAVE_STDLIB_H 1
| #define HAVE_STRING_H 1
| #define HAVE_INTTYPES_H 1
| #define HAVE_STDINT_H 1
| #define HAVE_STRINGS_H 1
| #define HAVE_SYS_STAT_H 1
| #define HAVE_SYS_TYPES_H 1
| #define HAVE_UNISTD_H 1
| #define STDC_HEADERS 1
| #define HAVE_DLFCN_H 1
| #define LT_OBJDIR ".libs/"
| #define SIZEOF_SIZE_T 8
| /* end confdefs.h.  */
| 
| int
| main (void)
| {
| 
| #if !(defined(SDCC) || defined(__SDCC))
|       thisisanerror;
| #endif
| 
|   ;
|   return 0;
| }
configure:17835: gcc -c   conftest.c >&5
conftest.c: In function 'main':
conftest.c:30:7: error: 'thisisanerror' undeclared (first use in this function)
   30 |       thisisanerror;
      |       ^~~~~~~~~~~~~
conftest.c:30:7: note: each undeclared identifier is reported only once for each function it appears in
configure:17835: $? = 1
configure: failed program was:
| /* confdefs.h */
| #define PACKAGE_NAME "libffi"
| #define PACKAGE_TARNAME "libffi"
| #define PACKAGE_VERSION "3.4.4"
| #define PACKAGE_STRING "libffi 3.4.4"
| #define PACKAGE_BUGREPORT "http://github.com/libffi/libffi/issues"
| #define PACKAGE_URL ""
| #define PACKAGE "libffi"
| #define VERSION "3.4.4"
| #define HAVE_STDIO_H 1
| #define HAVE_STDLIB_H 1
| #define HAVE_STRING_H 1
| #define HAVE_INTTYPES_H 1
| #define HAVE_STDINT_H 1
| #define HAVE_STRINGS_H 1
| #define HAVE_SYS_STAT_H 1
| #define HAVE_SYS_TYPES_H 1
| #define HAVE_UNISTD_H 1
| #define STDC_HEADERS 1
| #define HAVE_DLFCN_H 1
| #define LT_OBJDIR ".libs/"
| #define SIZEOF_SIZE_T 8
| /* end confdefs.h.  */
| 
| int
| main (void)
| {
| 
| #if !(defined(_SX))
|       thisisanerror;
| #endif
| 
|   ;
|   return 0;
| }
configure:17835: gcc -c   conftest.c >&5
conftest.c: In function 'main':
conftest.c:30:7: error: 'thisisanerror' undeclared (first use in this function)
   30 |       thisisanerror;
      |       ^~~~~~~~~~~~~
conftest.c:30:7: note: each undeclared identifier is reported only once for each function it appears in
configure:17835: $? = 1
configure: failed program was:
| /* confdefs.h */
| #define PACKAGE_NAME "libffi"
| #define PACKAGE_TARNAME "libffi"
| #define PACKAGE_VERSION "3.4.4"
| #define PACKAGE_STRING "libffi 3.4.4"
| #define PACKAGE_BUGREPORT "http://github.com/libffi/libffi/issues"
| #define PACKAGE_URL ""
| #define PACKAGE "libffi"
| #define VERSION "3.4.4"
| #define HAVE_STDIO_H 1
| #define HAVE_STDLIB_H 1
| #define HAVE_STRING_H 1
| #define HAVE_INTTYPES_H 1
| #define HAVE_STDINT_H 1
| #define HAVE_STRINGS_H 1
| #define HAVE_SYS_STAT_H 1
| #define HAVE_SYS_TYPES_H 1
| #define HAVE_UNISTD_H 1
| #define STDC_HEADERS 1
| #define HAVE_DLFCN_H 1
| #define LT_OBJDIR ".libs/"
| #define SIZEOF_SIZE_T 8
| /* end confdefs.h.  */
| 
| int
| main (void)
| {
| 
| #if !(defined(__NVCOMPILER))
|       thisisanerror;
| #endif
| 
|   ;
|   return 0;
| }
configure:17835: gcc -c   conftest.c >&5
conftest.c: In function 'main':
conftest.c:30:7: error: 'thisisanerror' undeclared (first use in this function)
   30 |       thisisanerror;
      |       ^~~~~~~~~~~~~
conftest.c:30:7: note: each undeclared identifier is reported only once for each function it appears in
configure:17835: $? = 1
configure: failed program was:
| /* confdefs.h */
| #define PACKAGE_NAME "libffi"
| #define PACKAGE_TARNAME "libffi"
| #define PACKAGE_VERSION "3.4.4"
| #define PACKAGE_STRING "libffi 3.4.4"
| #define PACKAGE_BUGREPORT "http://github.com/libffi/libffi/issues"
| #define PACKAGE_URL ""
| #define PACKAGE "libffi"
| #define VERSION "3.4.4"
| #define HAVE_STDIO_H 1
| #define HAVE_STDLIB_H 1
| #define HAVE_STRING_H 1
| #define HAVE_INTTYPES_H 1
| #define HAVE_STDINT_H 1
| #define HAVE_STRINGS_H 1
| #define HAVE_SYS_STAT_H 1
| #define HAVE_SYS_TYPES_H 1
| #define HAVE_UNISTD_H 1
| #define STDC_HEADERS 1
| #define HAVE_DLFCN_H 1
| #define LT_OBJDIR ".libs/"
| #define SIZEOF_SIZE_T 8
| /* end confdefs.h.  */
| 
| int
| main (void)
| {
| 
| #if !(defined(__PGI))
|       thisisanerror;
| #endif
| 
|   ;
|   return 0;
| }
configure:17835: gcc -c   conftest.c >&5
configure:17835: $? = 0
configure:17846: result: gnu
configure:18168: checking whether C compiler accepts -fstrict-aliasing
configure:18188: gcc -c  -O3 -fomit-frame-pointer  -fstrict-aliasing  conftest.c >&5
configure:18188: $? = 0
configure:18199: result: yes
configure:18211: checking whether C compiler accepts -ffast-math
configure:18231: gcc -c  -O3 -fomit-frame-pointer -fstrict-aliasing  -ffast-math  conftest.c >&5
configure:18231: $? = 0
configure:18242: result: yes
configure:18269: checking for gcc architecture flag
configure:18271: result: 
configure:18675: checking for gcc architecture flag
configure:18677: result: unknown
configure:18705: checking whether C compiler accepts  -O3 -fomit-frame-pointer -fstrict-aliasing -ffast-math
configure:18725: gcc -c  -O3 -fomit-frame-pointer -fstrict-aliasing -ffast-math   -O3 -fomit-frame-pointer -fstrict-aliasing -ffast-math  conftest.c >&5
configure:18725: $? = 0
configure:18737: result: yes
configure:18771: checking CFLAGS for most reasonable warnings
configure:18858: : CFLAGS="$CFLAGS"
configure:18861: $? = 0
configure:18887: result: -Wall
configure:18910: checking whether to enable maintainer-specific portions of Makefiles
configure:18921: result: no
configure:18935: checking for sys/memfd.h
configure:18935: gcc -c -Wall  -O3 -fomit-frame-pointer -fstrict-aliasing -ffast-math -fexceptions  conftest.c >&5
conftest.c:52:10: fatal error: sys/memfd.h: No such file or directory
   52 | #include <sys/memfd.h>
      |          ^~~~~~~~~~~~~
compilation terminated.
configure:18935: $? = 1
configure: failed program was:
| /* confdefs.h */
| #define PACKAGE_NAME "libffi"
| #define PACKAGE_TARNAME "libffi"
| #define PACKAGE_VERSION "3.4.4"
| #define PACKAGE_STRING "libffi 3.4.4"
| #define PACKAGE_BUGREPORT "http://github.com/libffi/libffi/issues"
| #define PACKAGE_URL ""
| #define PACKAGE "libffi"
| #define VERSION "3.4.4"
| #define HAVE_STDIO_H 1
| #define HAVE_STDLIB_H 1
| #define HAVE_STRING_H 1
| #define HAVE_INTTYPES_H 1
| #define HAVE_STDINT_H 1
| #define HAVE_STRINGS_H 1
| #define HAVE_SYS_STAT_H 1
| #define HAVE_SYS_TYPES_H 1
| #define HAVE_UNISTD_H 1
| #define STDC_HEADERS 1
| #define HAVE_DLFCN_H 1
| #define LT_OBJDIR ".libs/"
| #define SIZEOF_SIZE_T 8
| /* end confdefs.h.  */
| #include <stddef.h>
| #ifdef HAVE_STDIO_H
| # include <stdio.h>
| #endif
| #ifdef HAVE_STDLIB_H
| # include <stdlib.h>
| #endif
| #ifdef HAVE_STRING_H
| # include <string.h>
| #endif
| #ifdef HAVE_INTTYPES_H
| # include <inttypes.h>
| #endif
| #ifdef HAVE_STDINT_H
| # include <stdint.h>
| #endif
| #ifdef HAVE_STRINGS_H
| # include <strings.h>
| #endif
| #ifdef HAVE_SYS_TYPES_H
| # include <sys/types.h>
| #endif
| #ifdef HAVE_SYS_STAT_H
| # include <sys/stat.h>
| #endif
| #ifdef HAVE_UNISTD_H
| # include <unistd.h>
| #endif
| #include <sys/memfd.h>
configure:18935: result: no
configure:18942: checking for memfd_create
configure:18942: gcc -o conftest -Wall  -O3 -fomit-frame-pointer -fstrict-aliasing -ffast-math -fexceptions   conftest.c  >&5
configure:18942: $? = 0
configure:18942: result: yes
configure:18950: checking for sys/mman.h
configure:18950: gcc -c -Wall  -O3 -fomit-frame-pointer -fstrict-aliasing -ffast-math -fexceptions  conftest.c >&5
configure:18950: $? = 0
configure:18950: result: yes
configure:18957: checking for mmap
configure:18957: gcc -o conftest -Wall  -O3 -fomit-frame-pointer -fstrict-aliasing -ffast-math -fexceptions   conftest.c  >&5
configure:18957: $? = 0
configure:18957: result: yes
configure:18963: checking for mkostemp
configure:18963: gcc -o conftest -Wall  -O3 -fomit-frame-pointer -fstrict-aliasing -ffast-math -fexceptions   conftest.c  >&5
configure:18963: $? = 0
configure:18963: result: yes
configure:18969: checking for mkstemp
configure:18969: gcc -o conftest -Wall  -O3 -fomit-frame-pointer -fstrict-aliasing -ffast-math -fexceptions   conftest.c  >&5
configure:18969: $? = 0
configure:18969: result: yes
configure:18977: checking for sys/mman.h
configure:18977: result: yes
configure:18986: checking for mmap
configure:18986: result: yes
configure:19001: checking whether read-only mmap of a plain file works
configure:19020: result: yes
configure:19022: checking whether mmap from /dev/zero works
configure:19046: result: yes
configure:19050: checking for MAP_ANON(YMOUS)
configure:19074: gcc -c -Wall  -O3 -fomit-frame-pointer -fstrict-aliasing -ffast-math -fexceptions  conftest.c >&5
conftest.c: In function 'main':
conftest.c:40:5: warning: unused variable 'n' [-Wunused-variable]
   40 | int n = MAP_ANONYMOUS;
      |     ^
configure:19074: $? = 0
configure:19084: result: yes
configure:19090: checking whether mmap with MAP_ANON(YMOUS) works
configure:19109: result: yes
configure:19155: checking for egrep
configure:19225: result: /usr/skyhammer/neue/install/aarch64-unknown-linux-gnu/bin/grep -E
configure:19233: checking for memcpy
configure:19233: gcc -o conftest -Wall  -O3 -fomit-frame-pointer -fstrict-aliasing -ffast-math -fexceptions   conftest.c  >&5
conftest.c:48:6: warning: conflicting types for built-in function 'memcpy'; expected 'void *(void *, const void *, long unsigned int)' [-Wbuiltin-declaration-mismatch]
   48 | char memcpy (void);
      |      ^~~~~~
conftest.c:40:1: note: 'memcpy' is declared in header '<string.h>'
   39 | #include <limits.h>
   40 | #undef memcpy
configure:19233: $? = 0
configure:19233: result: yes
configure:19240: checking for size_t
configure:19240: gcc -c -Wall  -O3 -fomit-frame-pointer -fstrict-aliasing -ffast-math -fexceptions  conftest.c >&5
configure:19240: $? = 0
configure:19240: gcc -c -Wall  -O3 -fomit-frame-pointer -fstrict-aliasing -ffast-math -fexceptions  conftest.c >&5
conftest.c: In function 'main':
conftest.c:64:21: error: expected expression before ')' token
   64 | if (sizeof ((size_t)))
      |                     ^
configure:19240: $? = 1
configure: failed program was:
| /* confdefs.h */
| #define PACKAGE_NAME "libffi"
| #define PACKAGE_TARNAME "libffi"
| #define PACKAGE_VERSION "3.4.4"
| #define PACKAGE_STRING "libffi 3.4.4"
| #define PACKAGE_BUGREPORT "http://github.com/libffi/libffi/issues"
| #define PACKAGE_URL ""
| #define PACKAGE "libffi"
| #define VERSION "3.4.4"
| #define HAVE_STDIO_H 1
| #define HAVE_STDLIB_H 1
| #define HAVE_STRING_H 1
| #define HAVE_INTTYPES_H 1
| #define HAVE_STDINT_H 1
| #define HAVE_STRINGS_H 1
| #define HAVE_SYS_STAT_H 1
| #define HAVE_SYS_TYPES_H 1
| #define HAVE_UNISTD_H 1
| #define STDC_HEADERS 1
| #define HAVE_DLFCN_H 1
| #define LT_OBJDIR ".libs/"
| #define SIZEOF_SIZE_T 8
| #define HAVE_MEMFD_CREATE 1
| #define HAVE_SYS_MMAN_H 1
| #define HAVE_MMAP 1
| #define HAVE_MKOSTEMP 1
| #define HAVE_MKSTEMP 1
| #define HAVE_MMAP_FILE 1
| #define HAVE_MMAP_DEV_ZERO 1
| #define HAVE_MMAP_ANON 1
| #define HAVE_MEMCPY 1
| /* end confdefs.h.  */
| #include <stddef.h>
| #ifdef HAVE_STDIO_H
| # include <stdio.h>
| #endif
| #ifdef HAVE_STDLIB_H
| # include <stdlib.h>
| #endif
| #ifdef HAVE_STRING_H
| # include <string.h>
| #endif
| #ifdef HAVE_INTTYPES_H
| # include <inttypes.h>
| #endif
| #ifdef HAVE_STDINT_H
| # include <stdint.h>
| #endif
| #ifdef HAVE_STRINGS_H
| # include <strings.h>
| #endif
| #ifdef HAVE_SYS_TYPES_H
| # include <sys/types.h>
| #endif
| #ifdef HAVE_SYS_STAT_H
| # include <sys/stat.h>
| #endif
| #ifdef HAVE_UNISTD_H
| # include <unistd.h>
| #endif
| int
| main (void)
| {
| if (sizeof ((size_t)))
| 	    return 0;
|   ;
|   return 0;
| }
configure:19240: result: yes
configure:19253: checking for working alloca.h
configure:19271: gcc -o conftest -Wall  -O3 -fomit-frame-pointer -fstrict-aliasing -ffast-math -fexceptions   conftest.c  >&5
configure:19271: $? = 0
configure:19282: result: yes
configure:19290: checking for alloca
configure:19335: result: yes
configure:19409: checking size of double
configure:19415: gcc -o conftest -Wall  -O3 -fomit-frame-pointer -fstrict-aliasing -ffast-math -fexceptions   conftest.c  >&5
configure:19415: $? = 0
configure:19415: ./conftest
configure:19415: $? = 0
configure:19432: result: 8
configure:19444: checking size of long double
configure:19450: gcc -o conftest -Wall  -O3 -fomit-frame-pointer -fstrict-aliasing -ffast-math -fexceptions   conftest.c  >&5
configure:19450: $? = 0
configure:19450: ./conftest
configure:19450: $? = 0
configure:19467: result: 16
configure:19498: checking whether byte ordering is bigendian
configure:19514: gcc -c -Wall  -O3 -fomit-frame-pointer -fstrict-aliasing -ffast-math -fexceptions  conftest.c >&5
conftest.c:39:16: error: unknown type name 'not'
   39 |                not a universal capable compiler
      |                ^~~
conftest.c:39:22: error: expected '=', ',', ';', 'asm' or '__attribute__' before 'universal'
   39 |                not a universal capable compiler
      |                      ^~~~~~~~~
conftest.c:39:22: error: unknown type name 'universal'
configure:19514: $? = 1
configure: failed program was:
| /* confdefs.h */
| #define PACKAGE_NAME "libffi"
| #define PACKAGE_TARNAME "libffi"
| #define PACKAGE_VERSION "3.4.4"
| #define PACKAGE_STRING "libffi 3.4.4"
| #define PACKAGE_BUGREPORT "http://github.com/libffi/libffi/issues"
| #define PACKAGE_URL ""
| #define PACKAGE "libffi"
| #define VERSION "3.4.4"
| #define HAVE_STDIO_H 1
| #define HAVE_STDLIB_H 1
| #define HAVE_STRING_H 1
| #define HAVE_INTTYPES_H 1
| #define HAVE_STDINT_H 1
| #define HAVE_STRINGS_H 1
| #define HAVE_SYS_STAT_H 1
| #define HAVE_SYS_TYPES_H 1
| #define HAVE_UNISTD_H 1
| #define STDC_HEADERS 1
| #define HAVE_DLFCN_H 1
| #define LT_OBJDIR ".libs/"
| #define SIZEOF_SIZE_T 8
| #define HAVE_MEMFD_CREATE 1
| #define HAVE_SYS_MMAN_H 1
| #define HAVE_MMAP 1
| #define HAVE_MKOSTEMP 1
| #define HAVE_MKSTEMP 1
| #define HAVE_MMAP_FILE 1
| #define HAVE_MMAP_DEV_ZERO 1
| #define HAVE_MMAP_ANON 1
| #define HAVE_MEMCPY 1
| #define HAVE_ALLOCA_H 1
| #define HAVE_ALLOCA 1
| #define SIZEOF_DOUBLE 8
| #define SIZEOF_LONG_DOUBLE 16
| #define HAVE_LONG_DOUBLE 1
| /* end confdefs.h.  */
| #ifndef __APPLE_CC__
| 	       not a universal capable compiler
| 	     #endif
| 	     typedef int dummy;
| 
configure:19560: gcc -c -Wall  -O3 -fomit-frame-pointer -fstrict-aliasing -ffast-math -fexceptions  conftest.c >&5
configure:19560: $? = 0
configure:19579: gcc -c -Wall  -O3 -fomit-frame-pointer -fstrict-aliasing -ffast-math -fexceptions  conftest.c >&5
conftest.c: In function 'main':
conftest.c:45:18: error: unknown type name 'not'; did you mean 'ino_t'?
   45 |                  not big endian
      |                  ^~~
      |                  ino_t
conftest.c:45:26: error: expected '=', ',', ';', 'asm' or '__attribute__' before 'endian'
   45 |                  not big endian
      |                          ^~~~~~
configure:19579: $? = 1
configure: failed program was:
| /* confdefs.h */
| #define PACKAGE_NAME "libffi"
| #define PACKAGE_TARNAME "libffi"
| #define PACKAGE_VERSION "3.4.4"
| #define PACKAGE_STRING "libffi 3.4.4"
| #define PACKAGE_BUGREPORT "http://github.com/libffi/libffi/issues"
| #define PACKAGE_URL ""
| #define PACKAGE "libffi"
| #define VERSION "3.4.4"
| #define HAVE_STDIO_H 1
| #define HAVE_STDLIB_H 1
| #define HAVE_STRING_H 1
| #define HAVE_INTTYPES_H 1
| #define HAVE_STDINT_H 1
| #define HAVE_STRINGS_H 1
| #define HAVE_SYS_STAT_H 1
| #define HAVE_SYS_TYPES_H 1
| #define HAVE_UNISTD_H 1
| #define STDC_HEADERS 1
| #define HAVE_DLFCN_H 1
| #define LT_OBJDIR ".libs/"
| #define SIZEOF_SIZE_T 8
| #define HAVE_MEMFD_CREATE 1
| #define HAVE_SYS_MMAN_H 1
| #define HAVE_MMAP 1
| #define HAVE_MKOSTEMP 1
| #define HAVE_MKSTEMP 1
| #define HAVE_MMAP_FILE 1
| #define HAVE_MMAP_DEV_ZERO 1
| #define HAVE_MMAP_ANON 1
| #define HAVE_MEMCPY 1
| #define HAVE_ALLOCA_H 1
| #define HAVE_ALLOCA 1
| #define SIZEOF_DOUBLE 8
| #define SIZEOF_LONG_DOUBLE 16
| #define HAVE_LONG_DOUBLE 1
| /* end confdefs.h.  */
| #include <sys/types.h>
| 		#include <sys/param.h>
| 
| int
| main (void)
| {
| #if BYTE_ORDER != BIG_ENDIAN
| 		 not big endian
| 		#endif
| 
|   ;
|   return 0;
| }
configure:19720: result: no
configure:19739: checking assembler .cfi pseudo-op support
configure:19758: gcc -c -Wall  -O3 -fomit-frame-pointer -fstrict-aliasing -ffast-math -fexceptions  conftest.c >&5
configure:19758: $? = 0
configure:19769: result: yes
configure:19916: checking whether compiler supports pointer authentication
configure:19945: gcc -c -Wall  -O3 -fomit-frame-pointer -fstrict-aliasing -ffast-math -fexceptions  conftest.c >&5
conftest.c: In function 'main':
conftest.c:51:3: error: #error Pointer authentication not supported
   51 | # error Pointer authentication not supported
      |   ^~~~~
configure:19945: $? = 1
configure: failed program was:
| /* confdefs.h */
| #define PACKAGE_NAME "libffi"
| #define PACKAGE_TARNAME "libffi"
| #define PACKAGE_VERSION "3.4.4"
| #define PACKAGE_STRING "libffi 3.4.4"
| #define PACKAGE_BUGREPORT "http://github.com/libffi/libffi/issues"
| #define PACKAGE_URL ""
| #define PACKAGE "libffi"
| #define VERSION "3.4.4"
| #define HAVE_STDIO_H 1
| #define HAVE_STDLIB_H 1
| #define HAVE_STRING_H 1
| #define HAVE_INTTYPES_H 1
| #define HAVE_STDINT_H 1
| #define HAVE_STRINGS_H 1
| #define HAVE_SYS_STAT_H 1
| #define HAVE_SYS_TYPES_H 1
| #define HAVE_UNISTD_H 1
| #define STDC_HEADERS 1
| #define HAVE_DLFCN_H 1
| #define LT_OBJDIR ".libs/"
| #define SIZEOF_SIZE_T 8
| #define HAVE_MEMFD_CREATE 1
| #define HAVE_SYS_MMAN_H 1
| #define HAVE_MMAP 1
| #define HAVE_MKOSTEMP 1
| #define HAVE_MKSTEMP 1
| #define HAVE_MMAP_FILE 1
| #define HAVE_MMAP_DEV_ZERO 1
| #define HAVE_MMAP_ANON 1
| #define HAVE_MEMCPY 1
| #define HAVE_ALLOCA_H 1
| #define HAVE_ALLOCA 1
| #define SIZEOF_DOUBLE 8
| #define SIZEOF_LONG_DOUBLE 16
| #define HAVE_LONG_DOUBLE 1
| #define HAVE_AS_CFI_PSEUDO_OP 1
| /* end confdefs.h.  */
| 
| int
| main (void)
| {
| 
| #ifdef __clang__
| # if __has_feature(ptrauth_calls)
| #  define HAVE_PTRAUTH 1
| # endif
| #endif
| 
| #ifndef HAVE_PTRAUTH
| # error Pointer authentication not supported
| #endif
| 
|   ;
|   return 0;
| }
configure:19956: result: no
configure:19982: checking for _ prefix in compiled symbols
configure:19993: gcc -c -Wall  -O3 -fomit-frame-pointer -fstrict-aliasing -ffast-math -fexceptions  conftest.c >&5
conftest.c: In function 'main':
conftest.c:2:12: warning: statement with no effect [-Wunused-value]
    2 | int main(){nm_test_func;return 0;}
      |            ^~~~~~~~~~~~
configure:19996: $? = 0
configure:20000: /usr/skyhammer/neue/install/aarch64-unknown-linux-gnu/bin/nm -B conftest.o \| /usr/skyhammer/neue/install/aarch64-unknown-linux-gnu/bin/sed -n -e 's/^.*[	 ]\([ABCDGIRSTW][ABCDGIRSTW]*\)[	 ][	 ]*\([_A-Za-z][_A-Za-z0-9]*\)$/\1 \2 \2/p' | /usr/skyhammer/neue/install/aarch64-unknown-linux-gnu/bin/sed '/ __gnu_lto/d' \> conftest.nm
configure:20003: $? = 0
configure:20026: result: no
configure:20103: checking whether C compiler accepts -fno-lto
configure:20123: gcc -c -Wall  -O3 -fomit-frame-pointer -fstrict-aliasing -ffast-math -fexceptions  -fno-lto  conftest.c >&5
configure:20123: $? = 0
configure:20134: result: yes
configure:20145: checking whether .eh_frame section should be read-only
configure:20163: result: yes
configure:20178: checking for __attribute__((visibility("hidden")))
configure:20188: gcc -Werror -S conftest.c -o conftest.s 1>&5
configure:20191: $? = 0
configure:20201: result: yes
configure:20542: checking for shared libgcc
configure:20557: gcc -o conftest  -lgcc_s   conftest.c  >&5
configure:20557: $? = 0
configure:20598: result: yes
configure:20684: versioning on shared library symbols is gnu
configure:20797: checking that generated files are newer than configure
configure:20803: result: done
configure:20871: creating ./config.status

## ---------------------- ##
## Running config.status. ##
## ---------------------- ##

This file was extended by libffi config.status 3.4.4, which was
generated by GNU Autoconf 2.72.  Invocation command line was

  CONFIG_FILES    = 
  CONFIG_HEADERS  = 
  CONFIG_LINKS    = 
  CONFIG_COMMANDS = 
  $ ./config.status 

on raspberry-pi-4-8gb

config.status:1231: creating include/Makefile
config.status:1231: creating include/ffi.h
config.status:1231: creating Makefile
config.status:1231: creating testsuite/Makefile
config.status:1231: creating man/Makefile
config.status:1231: creating doc/Makefile
config.status:1231: creating libffi.pc
config.status:1231: creating fficonfig.h
config.status:1445: executing buildir commands
config.status:1475: create top_srcdir/Makefile guessed from local Makefile
config.status:1590: build in aarch64-unknown-linux-gnu (HOST=)
config.status:1445: executing depfiles commands
config.status:1666: cd .       && sed -e '/# am--include-marker/d' Makefile         | make -f - am--depfiles
config.status:1671: $? = 0
config.status:1445: executing libtool commands
config.status:1445: executing include commands
config.status:1445: executing src commands

## ---------------- ##
## Cache variables. ##
## ---------------- ##

ac_cv_build=aarch64-unknown-linux-gnu
ac_cv_c_bigendian=no
ac_cv_c_compiler_gnu=yes
ac_cv_cflags_warn_all=-Wall
ac_cv_cxx_compiler_gnu=yes
ac_cv_decl_map_anon=yes
ac_cv_env_CCASFLAGS_set=
ac_cv_env_CCASFLAGS_value=
ac_cv_env_CCAS_set=
ac_cv_env_CCAS_value=
ac_cv_env_CPPFLAGS_set=
ac_cv_env_CPPFLAGS_value=
ac_cv_env_CXXCPP_set=
ac_cv_env_CXXCPP_value=
ac_cv_env_LT_SYS_LIBRARY_PATH_set=
ac_cv_env_LT_SYS_LIBRARY_PATH_value=
ac_cv_env_build_alias_set=
ac_cv_env_build_alias_value=
ac_cv_env_host_alias_set=
ac_cv_env_host_alias_value=
ac_cv_env_target_alias_set=
ac_cv_env_target_alias_value=
ac_cv_func_alloca_works=yes
ac_cv_func_memcpy=yes
ac_cv_func_memfd_create=yes
ac_cv_func_mkostemp=yes
ac_cv_func_mkstemp=yes
ac_cv_func_mmap=yes
ac_cv_func_mmap_anon=yes
ac_cv_func_mmap_dev_zero=yes
ac_cv_func_mmap_file=yes
ac_cv_header_dlfcn_h=yes
ac_cv_header_inttypes_h=yes
ac_cv_header_stdint_h=yes
ac_cv_header_stdio_h=yes
ac_cv_header_stdlib_h=yes
ac_cv_header_string_h=yes
ac_cv_header_strings_h=yes
ac_cv_header_sys_memfd_h=no
ac_cv_header_sys_mman_h=yes
ac_cv_header_sys_stat_h=yes
ac_cv_header_sys_types_h=yes
ac_cv_header_unistd_h=yes
ac_cv_host=aarch64-unknown-linux-gnu
ac_cv_objext=o
ac_cv_path_EGREP='/usr/skyhammer/neue/install/aarch64-unknown-linux-gnu/bin/grep -E'
ac_cv_path_EGREP_TRADITIONAL='/usr/skyhammer/neue/install/aarch64-unknown-linux-gnu/bin/grep -E'
ac_cv_path_FGREP='/usr/skyhammer/neue/install/aarch64-unknown-linux-gnu/bin/grep -F'
ac_cv_path_GREP=/usr/skyhammer/neue/install/aarch64-unknown-linux-gnu/bin/grep
ac_cv_path_SED=/usr/skyhammer/neue/install/aarch64-unknown-linux-gnu/bin/sed
ac_cv_path_ax_enable_builddir_sed=sed
ac_cv_path_install='/usr/skyhammer/neue/install/aarch64-unknown-linux-gnu/bin/install -c'
ac_cv_path_lt_DD=/usr/skyhammer/neue/install/aarch64-unknown-linux-gnu/bin/dd
ac_cv_path_mkdir=/usr/skyhammer/neue/install/aarch64-unknown-linux-gnu/bin/mkdir
ac_cv_prog_AWK=gawk
ac_cv_prog_CXXCPP='g++ -E'
ac_cv_prog_ac_ct_AR=ar
ac_cv_prog_ac_ct_CC=gcc
ac_cv_prog_ac_ct_CXX=g++
ac_cv_prog_ac_ct_FILECMD=file
ac_cv_prog_ac_ct_OBJDUMP=objdump
ac_cv_prog_ac_ct_RANLIB=ranlib
ac_cv_prog_ac_ct_READELF=readelf
ac_cv_prog_ac_ct_STRIP=strip
ac_cv_prog_cc_c11=
ac_cv_prog_cc_g=yes
ac_cv_prog_cc_stdc=
ac_cv_prog_cxx_cxx11=
ac_cv_prog_cxx_g=yes
ac_cv_prog_cxx_stdcxx=
ac_cv_prog_make_make_set=yes
ac_cv_sizeof_double=8
ac_cv_sizeof_long_double=16
ac_cv_sizeof_size_t=8
ac_cv_target=aarch64-unknown-linux-gnu
ac_cv_type_size_t=yes
ac_cv_working_alloca_h=yes
am_cv_CCAS_dependencies_compiler_type=gcc3
am_cv_CC_dependencies_compiler_type=gcc3
am_cv_CXX_dependencies_compiler_type=gcc3
am_cv_make_support_nested_variables=yes
am_cv_prog_cc_c_o=yes
ax_cv_c_compiler_vendor=gnu
ax_cv_check_cflags____O3__fomit_frame_pointer__fstrict_aliasing__ffast_math=yes
ax_cv_check_cflags___ffast_math=yes
ax_cv_check_cflags___fno_lto=yes
ax_cv_check_cflags___fstrict_aliasing=yes
ax_cv_gcc_archflag=unknown
gcc_cv_as_cfi_pseudo_op=yes
libffi_cv_as_ptrauth=no
libffi_cv_hidden_visibility_attribute=yes
libffi_cv_no_lto=-fno-lto
libffi_cv_ro_eh_frame=yes
lt_cv_ar_at_file=@
lt_cv_archive_cmds_need_lc=no
lt_cv_deplibs_check_method=pass_all
lt_cv_file_magic_cmd='$MAGIC_CMD'
lt_cv_file_magic_test_file=
lt_cv_ld_reload_flag=-r
lt_cv_nm_interface='BSD nm'
lt_cv_objdir=.libs
lt_cv_path_LD=/media/ssd/skyhammer/neue/install/aarch64-unknown-linux-gnu/aarch64-unknown-linux-gnu/bin/ld
lt_cv_path_LDCXX=/media/ssd/skyhammer/neue/install/aarch64-unknown-linux-gnu/aarch64-unknown-linux-gnu/bin/ld
lt_cv_path_NM='/usr/skyhammer/neue/install/aarch64-unknown-linux-gnu/bin/nm -B'
lt_cv_path_mainfest_tool=no
lt_cv_prog_compiler_c_o=yes
lt_cv_prog_compiler_c_o_CXX=yes
lt_cv_prog_compiler_pic='-fPIC -DPIC'
lt_cv_prog_compiler_pic_CXX='-fPIC -DPIC'
lt_cv_prog_compiler_pic_works=yes
lt_cv_prog_compiler_pic_works_CXX=yes
lt_cv_prog_compiler_rtti_exceptions=no
lt_cv_prog_compiler_static_works=yes
lt_cv_prog_compiler_static_works_CXX=yes
lt_cv_prog_gnu_ld=yes
lt_cv_prog_gnu_ldcxx=yes
lt_cv_sharedlib_from_linklib_cmd='printf %s\n'
lt_cv_shlibpath_overrides_runpath=yes
lt_cv_sys_global_symbol_pipe='/usr/skyhammer/neue/install/aarch64-unknown-linux-gnu/bin/sed -n -e '\''s/^.*[	 ]\([ABCDGIRSTW][ABCDGIRSTW]*\)[	 ][	 ]*\([_A-Za-z][_A-Za-z0-9]*\)$/\1 \2 \2/p'\'' | /usr/skyhammer/neue/install/aarch64-unknown-linux-gnu/bin/sed '\''/ __gnu_lto/d'\'''
lt_cv_sys_global_symbol_to_c_name_address='/usr/skyhammer/neue/install/aarch64-unknown-linux-gnu/bin/sed -n -e '\''s/^: \(.*\) .*$/  {"\1", (void *) 0},/p'\'' -e '\''s/^[ABCDGIRSTW][ABCDGIRSTW]* .* \(.*\)$/  {"\1", (void *) \&\1},/p'\'''
lt_cv_sys_global_symbol_to_c_name_address_lib_prefix='/usr/skyhammer/neue/install/aarch64-unknown-linux-gnu/bin/sed -n -e '\''s/^: \(.*\) .*$/  {"\1", (void *) 0},/p'\'' -e '\''s/^[ABCDGIRSTW][ABCDGIRSTW]* .* \(lib.*\)$/  {"\1", (void *) \&\1},/p'\'' -e '\''s/^[ABCDGIRSTW][ABCDGIRSTW]* .* \(.*\)$/  {"lib\1", (void *) \&\1},/p'\'''
lt_cv_sys_global_symbol_to_cdecl='/usr/skyhammer/neue/install/aarch64-unknown-linux-gnu/bin/sed -n -e '\''s/^T .* \(.*\)$/extern int \1();/p'\'' -e '\''s/^[ABCDGIRSTW][ABCDGIRSTW]* .* \(.*\)$/extern char \1;/p'\'''
lt_cv_sys_global_symbol_to_import=
lt_cv_sys_max_cmd_len=1572864
lt_cv_sys_symbol_underscore=no
lt_cv_to_host_file_cmd=func_convert_file_noop
lt_cv_to_tool_file_cmd=func_convert_file_noop
lt_cv_truncate_bin='/usr/skyhammer/neue/install/aarch64-unknown-linux-gnu/bin/dd bs=4096 count=1'

## ----------------- ##
## Output variables. ##
## ----------------- ##

ACLOCAL='${SHELL} '\''/usr/skyhammer/neue/src/libffi-3.4.4/missing'\'' aclocal-1.16'
ALLOCA=''
AMDEPBACKSLASH='\'
AMDEP_FALSE='#'
AMDEP_TRUE=''
AMTAR='$${TAR-tar}'
AM_BACKSLASH='\'
AM_DEFAULT_V='$(AM_DEFAULT_VERBOSITY)'
AM_DEFAULT_VERBOSITY='1'
AM_LTLDFLAGS=''
AM_RUNTESTFLAGS=''
AM_V='$(V)'
AR='ar'
AUTOCONF='${SHELL} '\''/usr/skyhammer/neue/src/libffi-3.4.4/missing'\'' autoconf'
AUTOHEADER='${SHELL} '\''/usr/skyhammer/neue/src/libffi-3.4.4/missing'\'' autoheader'
AUTOMAKE='${SHELL} '\''/usr/skyhammer/neue/src/libffi-3.4.4/missing'\'' automake-1.16'
AWK='gawk'
BUILD_DOCS_FALSE='#'
BUILD_DOCS_TRUE=''
CC='gcc'
CCAS='gcc'
CCASDEPMODE='depmode=gcc3'
CCASFLAGS=''
CCDEPMODE='depmode=gcc3'
CFLAGS='-Wall  -O3 -fomit-frame-pointer -fstrict-aliasing -ffast-math -fexceptions'
CPPFLAGS=''
CSCOPE='cscope'
CTAGS='ctags'
CXX='g++'
CXXCPP='g++ -E'
CXXDEPMODE='depmode=gcc3'
CXXFLAGS='-g -O2'
CYGPATH_W='echo'
DEFS='-DHAVE_CONFIG_H'
DEPDIR='.deps'
DLLTOOL='false'
DSYMUTIL=''
DUMPBIN=''
ECHO_C=''
ECHO_N='-n'
ECHO_T=''
EGREP='/usr/skyhammer/neue/install/aarch64-unknown-linux-gnu/bin/grep -E'
ETAGS='etags'
EXEEXT=''
FFI_DEBUG_FALSE=''
FFI_DEBUG_TRUE='#'
FFI_EXEC_TRAMPOLINE_TABLE='0'
FFI_EXEC_TRAMPOLINE_TABLE_FALSE=''
FFI_EXEC_TRAMPOLINE_TABLE_TRUE='#'
FGREP='/usr/skyhammer/neue/install/aarch64-unknown-linux-gnu/bin/grep -F'
FILECMD='file'
GREP='/usr/skyhammer/neue/install/aarch64-unknown-linux-gnu/bin/grep'
HAVE_LONG_DOUBLE='1'
HAVE_LONG_DOUBLE_VARIANT='0'
INSTALL_DATA='${INSTALL} -m 644'
INSTALL_PROGRAM='${INSTALL}'
INSTALL_SCRIPT='${INSTALL}'
INSTALL_STRIP_PROGRAM='$(install_sh) -c -s'
LD='/media/ssd/skyhammer/neue/install/aarch64-unknown-linux-gnu/aarch64-unknown-linux-gnu/bin/ld'
LDFLAGS=''
LIBFFI_BUILD_VERSIONED_SHLIB_FALSE='#'
LIBFFI_BUILD_VERSIONED_SHLIB_GNU_FALSE='#'
LIBFFI_BUILD_VERSIONED_SHLIB_GNU_TRUE=''
LIBFFI_BUILD_VERSIONED_SHLIB_SUN_FALSE=''
LIBFFI_BUILD_VERSIONED_SHLIB_SUN_TRUE='#'
LIBFFI_BUILD_VERSIONED_SHLIB_TRUE=''
LIBOBJS=''
LIBS=''
LIBTOOL='$(SHELL) $(top_builddir)/libtool'
LIPO=''
LN_S='ln -s'
LTLIBOBJS=''
LT_SYS_LIBRARY_PATH=''
MAINT='#'
MAINTAINER_MODE_FALSE=''
MAINTAINER_MODE_TRUE='#'
MAKEINFO='${SHELL} '\''/usr/skyhammer/neue/src/libffi-3.4.4/missing'\'' makeinfo'
MANIFEST_TOOL=':'
MKDIR_P='/usr/skyhammer/neue/install/aarch64-unknown-linux-gnu/bin/mkdir -p'
NM='/usr/skyhammer/neue/install/aarch64-unknown-linux-gnu/bin/nm -B'
NMEDIT=''
OBJDUMP='objdump'
OBJEXT='o'
OPT_LDFLAGS='-Wl,-O1 '
OTOOL64=''
OTOOL=''
PACKAGE='libffi'
PACKAGE_BUGREPORT='http://github.com/libffi/libffi/issues'
PACKAGE_NAME='libffi'
PACKAGE_STRING='libffi 3.4.4'
PACKAGE_TARNAME='libffi'
PACKAGE_URL=''
PACKAGE_VERSION='3.4.4'
PATH_SEPARATOR=':'
PRTDIAG=''
RANLIB='ranlib'
READELF='readelf'
SECTION_LDFLAGS=''
SED='/usr/skyhammer/neue/install/aarch64-unknown-linux-gnu/bin/sed'
SET_MAKE=''
SHELL='/bin/bash'
STRIP='strip'
TARGET='AARCH64'
TARGETDIR='aarch64'
TARGET_OBJ=' src/aarch64/ffi.lo src/aarch64/sysv.lo'
TESTSUBDIR_FALSE='#'
TESTSUBDIR_TRUE=''
VERSION='3.4.4'
ac_ct_AR='ar'
ac_ct_CC='gcc'
ac_ct_CXX='g++'
ac_ct_DUMPBIN=''
am__EXEEXT_FALSE=''
am__EXEEXT_TRUE='#'
am__fastdepCCAS_FALSE='#'
am__fastdepCCAS_TRUE=''
am__fastdepCC_FALSE='#'
am__fastdepCC_TRUE=''
am__fastdepCXX_FALSE='#'
am__fastdepCXX_TRUE=''
am__include='include'
am__isrc=' -I$(srcdir)'
am__leading_dot='.'
am__nodep='_no'
am__quote=''
am__tar='$${TAR-tar} chof - "$$tardir"'
am__untar='$${TAR-tar} xf -'
ax_enable_builddir_sed='sed'
bindir='${exec_prefix}/bin'
build='aarch64-unknown-linux-gnu'
build_alias=''
build_cpu='aarch64'
build_os='linux-gnu'
build_vendor='unknown'
datadir='${datarootdir}'
datarootdir='${prefix}/share'
docdir='${datarootdir}/doc/${PACKAGE_TARNAME}'
dvidir='${docdir}'
exec_prefix='${prefix}'
host='aarch64-unknown-linux-gnu'
host_alias=''
host_cpu='aarch64'
host_os='linux-gnu'
host_vendor='unknown'
htmldir='${docdir}'
includedir='${prefix}/include'
infodir='${datarootdir}/info'
install_sh='${SHELL} /usr/skyhammer/neue/src/libffi-3.4.4/install-sh'
libdir='${exec_prefix}/lib'
libexecdir='${exec_prefix}/libexec'
localedir='${datarootdir}/locale'
localstatedir='${prefix}/var'
mandir='${datarootdir}/man'
mkdir_p='$(MKDIR_P)'
oldincludedir='/usr/include'
pdfdir='${docdir}'
prefix='/usr/local'
program_transform_name='s,x,x,'
psdir='${docdir}'
runstatedir='${localstatedir}/run'
sbindir='${exec_prefix}/sbin'
sharedstatedir='${prefix}/com'
sys_symbol_underscore='no'
sysconfdir='${prefix}/etc'
target='aarch64-unknown-linux-gnu'
target_alias=''
target_cpu='aarch64'
target_os='linux-gnu'
target_vendor='unknown'
tmake_file=''
toolexecdir='${libdir}/gcc-lib/$(target_alias)'
toolexeclibdir='${libdir}/../lib64'

## ----------- ##
## confdefs.h. ##
## ----------- ##

/* confdefs.h */
#define PACKAGE_NAME "libffi"
#define PACKAGE_TARNAME "libffi"
#define PACKAGE_VERSION "3.4.4"
#define PACKAGE_STRING "libffi 3.4.4"
#define PACKAGE_BUGREPORT "http://github.com/libffi/libffi/issues"
#define PACKAGE_URL ""
#define PACKAGE "libffi"
#define VERSION "3.4.4"
#define HAVE_STDIO_H 1
#define HAVE_STDLIB_H 1
#define HAVE_STRING_H 1
#define HAVE_INTTYPES_H 1
#define HAVE_STDINT_H 1
#define HAVE_STRINGS_H 1
#define HAVE_SYS_STAT_H 1
#define HAVE_SYS_TYPES_H 1
#define HAVE_UNISTD_H 1
#define STDC_HEADERS 1
#define HAVE_DLFCN_H 1
#define LT_OBJDIR ".libs/"
#define SIZEOF_SIZE_T 8
#define HAVE_MEMFD_CREATE 1
#define HAVE_SYS_MMAN_H 1
#define HAVE_MMAP 1
#define HAVE_MKOSTEMP 1
#define HAVE_MKSTEMP 1
#define HAVE_MMAP_FILE 1
#define HAVE_MMAP_DEV_ZERO 1
#define HAVE_MMAP_ANON 1
#define HAVE_MEMCPY 1
#define HAVE_ALLOCA_H 1
#define HAVE_ALLOCA 1
#define SIZEOF_DOUBLE 8
#define SIZEOF_LONG_DOUBLE 16
#define HAVE_LONG_DOUBLE 1
#define HAVE_AS_CFI_PSEUDO_OP 1
#define HAVE_RO_EH_FRAME 1
#define EH_FRAME_FLAGS "a"
#define HAVE_HIDDEN_VISIBILITY_ATTRIBUTE 1
#define FFI_EXEC_STATIC_TRAMP 1
#define LIBFFI_GNU_SYMBOL_VERSIONING 1

configure: exit 0

## ---------------- ##
## Cache variables. ##
## ---------------- ##

ac_cv_build=aarch64-unknown-linux-gnu
ac_cv_env_CCASFLAGS_set=
ac_cv_env_CCASFLAGS_value=
ac_cv_env_CCAS_set=
ac_cv_env_CCAS_value=
ac_cv_env_CPPFLAGS_set=
ac_cv_env_CPPFLAGS_value=
ac_cv_env_CXXCPP_set=
ac_cv_env_CXXCPP_value=
ac_cv_env_LT_SYS_LIBRARY_PATH_set=
ac_cv_env_LT_SYS_LIBRARY_PATH_value=
ac_cv_env_build_alias_set=
ac_cv_env_build_alias_value=
ac_cv_env_host_alias_set=
ac_cv_env_host_alias_value=
ac_cv_env_target_alias_set=
ac_cv_env_target_alias_value=
ac_cv_host=aarch64-unknown-linux-gnu
ac_cv_target=aarch64-unknown-linux-gnu

## ----------------- ##
## Output variables. ##
## ----------------- ##

ACLOCAL=''
ALLOCA=''
AMDEPBACKSLASH=''
AMDEP_FALSE=''
AMDEP_TRUE=''
AMTAR=''
AM_BACKSLASH=''
AM_DEFAULT_V=''
AM_DEFAULT_VERBOSITY=''
AM_LTLDFLAGS=''
AM_RUNTESTFLAGS=''
AM_V=''
AR=''
AUTOCONF=''
AUTOHEADER=''
AUTOMAKE=''
AWK=''
BUILD_DOCS_FALSE=''
BUILD_DOCS_TRUE=''
CC=''
CCAS=''
CCASDEPMODE=''
CCASFLAGS=''
CCDEPMODE=''
CFLAGS=''
CPPFLAGS=''
CSCOPE=''
CTAGS=''
CXX=''
CXXCPP=''
CXXDEPMODE=''
CXXFLAGS=''
CYGPATH_W=''
DEFS=''
DEPDIR=''
DLLTOOL=''
DSYMUTIL=''
DUMPBIN=''
ECHO_C=''
ECHO_N='-n'
ECHO_T=''
EGREP=''
ETAGS=''
EXEEXT=''
FFI_DEBUG_FALSE=''
FFI_DEBUG_TRUE=''
FFI_EXEC_TRAMPOLINE_TABLE=''
FFI_EXEC_TRAMPOLINE_TABLE_FALSE=''
FFI_EXEC_TRAMPOLINE_TABLE_TRUE=''
FGREP=''
FILECMD=''
GREP=''
HAVE_LONG_DOUBLE=''
HAVE_LONG_DOUBLE_VARIANT=''
INSTALL_DATA=''
INSTALL_PROGRAM=''
INSTALL_SCRIPT=''
INSTALL_STRIP_PROGRAM=''
LD=''
LDFLAGS=''
LIBFFI_BUILD_VERSIONED_SHLIB_FALSE=''
LIBFFI_BUILD_VERSIONED_SHLIB_GNU_FALSE=''
LIBFFI_BUILD_VERSIONED_SHLIB_GNU_TRUE=''
LIBFFI_BUILD_VERSIONED_SHLIB_SUN_FALSE=''
LIBFFI_BUILD_VERSIONED_SHLIB_SUN_TRUE=''
LIBFFI_BUILD_VERSIONED_SHLIB_TRUE=''
LIBOBJS=''
LIBS=''
LIBTOOL=''
LIPO=''
LN_S=''
LTLIBOBJS=''
LT_SYS_LIBRARY_PATH=''
MAINT=''
MAINTAINER_MODE_FALSE=''
MAINTAINER_MODE_TRUE=''
MAKEINFO=''
MANIFEST_TOOL=''
MKDIR_P=''
NM=''
NMEDIT=''
OBJDUMP=''
OBJEXT=''
OPT_LDFLAGS=''
OTOOL64=''
OTOOL=''
PACKAGE=''
PACKAGE_BUGREPORT='http://github.com/libffi/libffi/issues'
PACKAGE_NAME='libffi'
PACKAGE_STRING='libffi 3.4.4'
PACKAGE_TARNAME='libffi'
PACKAGE_URL=''
PACKAGE_VERSION='3.4.4'
PATH_SEPARATOR=':'
PRTDIAG=''
RANLIB=''
READELF=''
SECTION_LDFLAGS=''
SED=''
SET_MAKE=''
SHELL='/bin/bash'
STRIP=''
TARGET='aarch64-unknown-linux-gnu'
TARGETDIR=''
TARGET_OBJ=''
TESTSUBDIR_FALSE=''
TESTSUBDIR_TRUE=''
VERSION=''
ac_ct_AR=''
ac_ct_CC=''
ac_ct_CXX=''
ac_ct_DUMPBIN=''
am__EXEEXT_FALSE=''
am__EXEEXT_TRUE=''
am__fastdepCCAS_FALSE=''
am__fastdepCCAS_TRUE=''
am__fastdepCC_FALSE=''
am__fastdepCC_TRUE=''
am__fastdepCXX_FALSE=''
am__fastdepCXX_TRUE=''
am__include=''
am__isrc=''
am__leading_dot=''
am__nodep=''
am__quote=''
am__tar=''
am__untar=''
ax_enable_builddir_sed=''
bindir='${exec_prefix}/bin'
build='aarch64-unknown-linux-gnu'
build_alias=''
build_cpu='aarch64'
build_os='linux-gnu'
build_vendor='unknown'
datadir='${datarootdir}'
datarootdir='${prefix}/share'
docdir='${datarootdir}/doc/${PACKAGE_TARNAME}'
dvidir='${docdir}'
exec_prefix='NONE'
host='aarch64-unknown-linux-gnu'
host_alias=''
host_cpu='aarch64'
host_os='linux-gnu'
host_vendor='unknown'
htmldir='${docdir}'
includedir='${prefix}/include'
infodir='${datarootdir}/info'
install_sh=''
libdir='${exec_prefix}/lib'
libexecdir='${exec_prefix}/libexec'
localedir='${datarootdir}/locale'
localstatedir='${prefix}/var'
mandir='${datarootdir}/man'
mkdir_p=''
oldincludedir='/usr/include'
pdfdir='${docdir}'
prefix='NONE'
program_transform_name='s,x,x,'
psdir='${docdir}'
runstatedir='${localstatedir}/run'
sbindir='${exec_prefix}/sbin'
sharedstatedir='${prefix}/com'
sys_symbol_underscore=''
sysconfdir='${prefix}/etc'
target='aarch64-unknown-linux-gnu'
target_alias=''
target_cpu='aarch64'
target_os='linux-gnu'
target_vendor='unknown'
tmake_file=''
toolexecdir=''
toolexeclibdir=''

configure: exit 0
